<?xml version="1.0" encoding="UTF-8"?>
<testsuite xmlns:xsi="http://www.w3.org/2001/XMLSchema-instance" xsi:schemaLocation="https://maven.apache.org/surefire/maven-surefire-plugin/xsd/surefire-test-report.xsd" name="org.apache.commons.text.StrTokenizerTest" time="0.01" tests="58" errors="0" skipped="0" failures="0">
  <properties>
    <property name="java.runtime.name" value="Java(TM) SE Runtime Environment"/>
    <property name="sun.boot.library.path" value="C:\pleiades\java\7\jre\bin"/>
    <property name="java.vm.version" value="24.80-b11"/>
    <property name="java.vm.vendor" value="Oracle Corporation"/>
    <property name="maven.multiModuleProjectDirectory" value="C:\Users\s-kento\git\winastor\commons-text-1.0"/>
    <property name="java.vendor.url" value="http://java.oracle.com/"/>
    <property name="path.separator" value=";"/>
    <property name="guice.disable.misplaced.annotation.check" value="true"/>
    <property name="java.vm.name" value="Java HotSpot(TM) 64-Bit Server VM"/>
    <property name="file.encoding.pkg" value="sun.io"/>
    <property name="user.script" value=""/>
    <property name="user.country" value="JP"/>
    <property name="sun.java.launcher" value="SUN_STANDARD"/>
    <property name="sun.os.patch.level" value=""/>
    <property name="java.vm.specification.name" value="Java Virtual Machine Specification"/>
    <property name="user.dir" value="C:\Users\s-kento\git\winastor\commons-text-1.0"/>
    <property name="java.runtime.version" value="1.7.0_80-b15"/>
    <property name="java.awt.graphicsenv" value="sun.awt.Win32GraphicsEnvironment"/>
    <property name="java.endorsed.dirs" value="C:\pleiades\java\7\jre\lib\endorsed"/>
    <property name="os.arch" value="amd64"/>
    <property name="java.io.tmpdir" value="C:\Users\s-kento\AppData\Local\Temp\"/>
    <property name="line.separator" value="&#10;"/>
    <property name="java.vm.specification.vendor" value="Oracle Corporation"/>
    <property name="user.variant" value=""/>
    <property name="os.name" value="Windows 8.1"/>
    <property name="classworlds.conf" value="C:\pleiades\workspace\.metadata\.plugins\org.eclipse.m2e.launching\launches\m2conf7283314888742865512.tmp"/>
    <property name="sun.jnu.encoding" value="MS932"/>
    <property name="java.library.path" value="C:\pleiades\java\7\bin;C:\WINDOWS\Sun\Java\bin;C:\WINDOWS\system32;C:\WINDOWS;C:/pleiades/eclipse/jre/bin/../jre/bin/server;C:/pleiades/eclipse/jre/bin/../jre/bin;C:/pleiades/eclipse/jre/bin/../jre/lib/amd64;C:\ProgramData\Oracle\Java\javapath;C:\WINDOWS\system32;C:\WINDOWS;C:\WINDOWS\System32\Wbem;C:\WINDOWS\System32\WindowsPowerShell\v1.0\;C:\Program Files (x86)\ATI Technologies\ATI.ACE\Core-Static;C:\Program Files (x86)\Git\cmd;C:\w32tex\bin;C:\Program Files (x86)\gs\gs9.16\bin;C:\Program Files (x86)\gs\gs9.16\lib;C:\Program Files\TortoiseGit\bin;C:\Program Files\nodejs\;C:\Program Files (x86)\Windows Live\Shared;C:\Program Files (x86)\GtkSharp\2.12\bin;C:\Users\s-kento\AppData\Roaming\npm;C:\Users\s-kento\AppData\Local\Microsoft\WindowsApps;C:\Program Files\Java\jdk1.8.0_45\bin;C:\pleiades\tomcat\8\bin;;C:\pleiades\eclipse;;."/>
    <property name="java.specification.name" value="Java Platform API Specification"/>
    <property name="java.class.version" value="51.0"/>
    <property name="sun.management.compiler" value="HotSpot 64-Bit Tiered Compilers"/>
    <property name="os.version" value="6.3"/>
    <property name="user.home" value="C:\Users\s-kento"/>
    <property name="user.timezone" value="Asia/Tokyo"/>
    <property name="java.awt.printerjob" value="sun.awt.windows.WPrinterJob"/>
    <property name="java.specification.version" value="1.7"/>
    <property name="file.encoding" value="UTF-8"/>
    <property name="user.name" value="s-kento"/>
    <property name="java.class.path" value="/C:/pleiades/eclipse/plugins/org.eclipse.m2e.maven.runtime_1.7.0.20160603-1931/jars/plexus-classworlds-2.5.2.jar"/>
    <property name="java.vm.specification.version" value="1.7"/>
    <property name="sun.arch.data.model" value="64"/>
    <property name="java.home" value="C:\pleiades\java\7\jre"/>
    <property name="sun.java.command" value="org.codehaus.plexus.classworlds.launcher.Launcher -B test"/>
    <property name="java.specification.vendor" value="Oracle Corporation"/>
    <property name="user.language" value="ja"/>
    <property name="awt.toolkit" value="sun.awt.windows.WToolkit"/>
    <property name="java.vm.info" value="mixed mode"/>
    <property name="java.version" value="1.7.0_80"/>
    <property name="java.ext.dirs" value="C:\pleiades\java\7\jre\lib\ext;C:\WINDOWS\Sun\Java\lib\ext"/>
    <property name="sun.boot.class.path" value="C:\pleiades\java\7\jre\lib\resources.jar;C:\pleiades\java\7\jre\lib\rt.jar;C:\pleiades\java\7\jre\lib\sunrsasign.jar;C:\pleiades\java\7\jre\lib\jsse.jar;C:\pleiades\java\7\jre\lib\jce.jar;C:\pleiades\java\7\jre\lib\charsets.jar;C:\pleiades\java\7\jre\lib\jfr.jar;C:\pleiades\java\7\jre\classes"/>
    <property name="java.vendor" value="Oracle Corporation"/>
    <property name="maven.home" value="C:\Users\s-kento\git\winastor\commons-text-1.0\EMBEDDED"/>
    <property name="file.separator" value="\"/>
    <property name="java.vendor.url.bug" value="http://bugreport.sun.com/bugreport/"/>
    <property name="sun.cpu.endian" value="little"/>
    <property name="sun.io.unicode.encoding" value="UnicodeLittle"/>
    <property name="sun.desktop" value="windows"/>
    <property name="sun.cpu.isalist" value="amd64"/>
  </properties>
  <testcase name="testCSVSimple" classname="org.apache.commons.text.StrTokenizerTest" time="0"/>
  <testcase name="testBasicDelim1" classname="org.apache.commons.text.StrTokenizerTest" time="0"/>
  <testcase name="testBasicDelim2" classname="org.apache.commons.text.StrTokenizerTest" time="0"/>
  <testcase name="testBasicEmpty1" classname="org.apache.commons.text.StrTokenizerTest" time="0"/>
  <testcase name="testBasicEmpty2" classname="org.apache.commons.text.StrTokenizerTest" time="0"/>
  <testcase name="testConstructor_charArray_char" classname="org.apache.commons.text.StrTokenizerTest" time="0"/>
  <testcase name="testDelimString" classname="org.apache.commons.text.StrTokenizerTest" time="0"/>
  <testcase name="testTSV" classname="org.apache.commons.text.StrTokenizerTest" time="0"/>
  <testcase name="testDelimMatcher" classname="org.apache.commons.text.StrTokenizerTest" time="0"/>
  <testcase name="testIteration" classname="org.apache.commons.text.StrTokenizerTest" time="0"/>
  <testcase name="testConstructor_String_char_char" classname="org.apache.commons.text.StrTokenizerTest" time="0"/>
  <testcase name="testReset" classname="org.apache.commons.text.StrTokenizerTest" time="0"/>
  <testcase name="testReset_charArray" classname="org.apache.commons.text.StrTokenizerTest" time="0"/>
  <testcase name="testToString" classname="org.apache.commons.text.StrTokenizerTest" time="0"/>
  <testcase name="testTokenizeSubclassOutputChange" classname="org.apache.commons.text.StrTokenizerTest" time="0"/>
  <testcase name="testListArray" classname="org.apache.commons.text.StrTokenizerTest" time="0"/>
  <testcase name="testBasicQuoted1" classname="org.apache.commons.text.StrTokenizerTest" time="0"/>
  <testcase name="testBasicQuoted2" classname="org.apache.commons.text.StrTokenizerTest" time="0"/>
  <testcase name="testBasicQuoted3" classname="org.apache.commons.text.StrTokenizerTest" time="0"/>
  <testcase name="testBasicQuoted4" classname="org.apache.commons.text.StrTokenizerTest" time="0"/>
  <testcase name="testBasicQuoted5" classname="org.apache.commons.text.StrTokenizerTest" time="0"/>
  <testcase name="testBasicQuoted6" classname="org.apache.commons.text.StrTokenizerTest" time="0"/>
  <testcase name="testBasicQuoted7" classname="org.apache.commons.text.StrTokenizerTest" time="0"/>
  <testcase name="testCloneNotSupportedException" classname="org.apache.commons.text.StrTokenizerTest" time="0.001"/>
  <testcase name="testReset_String" classname="org.apache.commons.text.StrTokenizerTest" time="0"/>
  <testcase name="testTSVEmpty" classname="org.apache.commons.text.StrTokenizerTest" time="0"/>
  <testcase name="testConstructor_String" classname="org.apache.commons.text.StrTokenizerTest" time="0"/>
  <testcase name="testCloneNull" classname="org.apache.commons.text.StrTokenizerTest" time="0"/>
  <testcase name="test1" classname="org.apache.commons.text.StrTokenizerTest" time="0"/>
  <testcase name="test2" classname="org.apache.commons.text.StrTokenizerTest" time="0"/>
  <testcase name="test3" classname="org.apache.commons.text.StrTokenizerTest" time="0"/>
  <testcase name="test4" classname="org.apache.commons.text.StrTokenizerTest" time="0"/>
  <testcase name="test5" classname="org.apache.commons.text.StrTokenizerTest" time="0"/>
  <testcase name="test6" classname="org.apache.commons.text.StrTokenizerTest" time="0"/>
  <testcase name="test7" classname="org.apache.commons.text.StrTokenizerTest" time="0.001"/>
  <testcase name="test8" classname="org.apache.commons.text.StrTokenizerTest" time="0"/>
  <testcase name="testConstructor_String_char" classname="org.apache.commons.text.StrTokenizerTest" time="0"/>
  <testcase name="testTokenizeSubclassInputChange" classname="org.apache.commons.text.StrTokenizerTest" time="0"/>
  <testcase name="testCSVEmpty" classname="org.apache.commons.text.StrTokenizerTest" time="0.001"/>
  <testcase name="testConstructor_charArray" classname="org.apache.commons.text.StrTokenizerTest" time="0"/>
  <testcase name="testConstructor_charArray_char_char" classname="org.apache.commons.text.StrTokenizerTest" time="0"/>
  <testcase name="testCSVSimpleNeedsTrim" classname="org.apache.commons.text.StrTokenizerTest" time="0.001"/>
  <testcase name="testBasicIgnoreTrimmed1" classname="org.apache.commons.text.StrTokenizerTest" time="0"/>
  <testcase name="testBasicIgnoreTrimmed2" classname="org.apache.commons.text.StrTokenizerTest" time="0"/>
  <testcase name="testBasicIgnoreTrimmed3" classname="org.apache.commons.text.StrTokenizerTest" time="0"/>
  <testcase name="testBasicIgnoreTrimmed4" classname="org.apache.commons.text.StrTokenizerTest" time="0"/>
  <testcase name="testBasicQuotedTrimmed1" classname="org.apache.commons.text.StrTokenizerTest" time="0"/>
  <testcase name="testBasic1" classname="org.apache.commons.text.StrTokenizerTest" time="0"/>
  <testcase name="testBasic2" classname="org.apache.commons.text.StrTokenizerTest" time="0"/>
  <testcase name="testBasic3" classname="org.apache.commons.text.StrTokenizerTest" time="0.001"/>
  <testcase name="testBasic4" classname="org.apache.commons.text.StrTokenizerTest" time="0"/>
  <testcase name="testBasic5" classname="org.apache.commons.text.StrTokenizerTest" time="0"/>
  <testcase name="testGetContent" classname="org.apache.commons.text.StrTokenizerTest" time="0"/>
  <testcase name="testCloneReset" classname="org.apache.commons.text.StrTokenizerTest" time="0"/>
  <testcase name="testDelimMatcherQuoteMatcher" classname="org.apache.commons.text.StrTokenizerTest" time="0.001"/>
  <testcase name="testBasicTrimmed1" classname="org.apache.commons.text.StrTokenizerTest" time="0"/>
  <testcase name="testBasicTrimmed2" classname="org.apache.commons.text.StrTokenizerTest" time="0"/>
  <testcase name="testChaining" classname="org.apache.commons.text.StrTokenizerTest" time="0"/>
</testsuite>