<?xml version="1.0" encoding="UTF-8"?>
<testsuite xmlns:xsi="http://www.w3.org/2001/XMLSchema-instance" xsi:schemaLocation="https://maven.apache.org/surefire/maven-surefire-plugin/xsd/surefire-test-report.xsd" name="org.apache.commons.text.StrSubstitutorTest" time="0.011" tests="41" errors="0" skipped="0" failures="0">
  <properties>
    <property name="java.runtime.name" value="Java(TM) SE Runtime Environment"/>
    <property name="sun.boot.library.path" value="C:\pleiades\java\7\jre\bin"/>
    <property name="java.vm.version" value="24.80-b11"/>
    <property name="java.vm.vendor" value="Oracle Corporation"/>
    <property name="maven.multiModuleProjectDirectory" value="C:\Users\s-kento\git\winastor\commons-text-1.0"/>
    <property name="java.vendor.url" value="http://java.oracle.com/"/>
    <property name="path.separator" value=";"/>
    <property name="guice.disable.misplaced.annotation.check" value="true"/>
    <property name="java.vm.name" value="Java HotSpot(TM) 64-Bit Server VM"/>
    <property name="file.encoding.pkg" value="sun.io"/>
    <property name="user.script" value=""/>
    <property name="user.country" value="JP"/>
    <property name="sun.java.launcher" value="SUN_STANDARD"/>
    <property name="sun.os.patch.level" value=""/>
    <property name="java.vm.specification.name" value="Java Virtual Machine Specification"/>
    <property name="user.dir" value="C:\Users\s-kento\git\winastor\commons-text-1.0"/>
    <property name="java.runtime.version" value="1.7.0_80-b15"/>
    <property name="java.awt.graphicsenv" value="sun.awt.Win32GraphicsEnvironment"/>
    <property name="java.endorsed.dirs" value="C:\pleiades\java\7\jre\lib\endorsed"/>
    <property name="os.arch" value="amd64"/>
    <property name="java.io.tmpdir" value="C:\Users\s-kento\AppData\Local\Temp\"/>
    <property name="line.separator" value="&#10;"/>
    <property name="java.vm.specification.vendor" value="Oracle Corporation"/>
    <property name="user.variant" value=""/>
    <property name="os.name" value="Windows 8.1"/>
    <property name="classworlds.conf" value="C:\pleiades\workspace\.metadata\.plugins\org.eclipse.m2e.launching\launches\m2conf7283314888742865512.tmp"/>
    <property name="sun.jnu.encoding" value="MS932"/>
    <property name="java.library.path" value="C:\pleiades\java\7\bin;C:\WINDOWS\Sun\Java\bin;C:\WINDOWS\system32;C:\WINDOWS;C:/pleiades/eclipse/jre/bin/../jre/bin/server;C:/pleiades/eclipse/jre/bin/../jre/bin;C:/pleiades/eclipse/jre/bin/../jre/lib/amd64;C:\ProgramData\Oracle\Java\javapath;C:\WINDOWS\system32;C:\WINDOWS;C:\WINDOWS\System32\Wbem;C:\WINDOWS\System32\WindowsPowerShell\v1.0\;C:\Program Files (x86)\ATI Technologies\ATI.ACE\Core-Static;C:\Program Files (x86)\Git\cmd;C:\w32tex\bin;C:\Program Files (x86)\gs\gs9.16\bin;C:\Program Files (x86)\gs\gs9.16\lib;C:\Program Files\TortoiseGit\bin;C:\Program Files\nodejs\;C:\Program Files (x86)\Windows Live\Shared;C:\Program Files (x86)\GtkSharp\2.12\bin;C:\Users\s-kento\AppData\Roaming\npm;C:\Users\s-kento\AppData\Local\Microsoft\WindowsApps;C:\Program Files\Java\jdk1.8.0_45\bin;C:\pleiades\tomcat\8\bin;;C:\pleiades\eclipse;;."/>
    <property name="java.specification.name" value="Java Platform API Specification"/>
    <property name="java.class.version" value="51.0"/>
    <property name="sun.management.compiler" value="HotSpot 64-Bit Tiered Compilers"/>
    <property name="os.version" value="6.3"/>
    <property name="user.home" value="C:\Users\s-kento"/>
    <property name="user.timezone" value="Asia/Tokyo"/>
    <property name="java.awt.printerjob" value="sun.awt.windows.WPrinterJob"/>
    <property name="java.specification.version" value="1.7"/>
    <property name="file.encoding" value="UTF-8"/>
    <property name="user.name" value="s-kento"/>
    <property name="java.class.path" value="/C:/pleiades/eclipse/plugins/org.eclipse.m2e.maven.runtime_1.7.0.20160603-1931/jars/plexus-classworlds-2.5.2.jar"/>
    <property name="java.vm.specification.version" value="1.7"/>
    <property name="sun.arch.data.model" value="64"/>
    <property name="java.home" value="C:\pleiades\java\7\jre"/>
    <property name="sun.java.command" value="org.codehaus.plexus.classworlds.launcher.Launcher -B test"/>
    <property name="java.specification.vendor" value="Oracle Corporation"/>
    <property name="user.language" value="ja"/>
    <property name="awt.toolkit" value="sun.awt.windows.WToolkit"/>
    <property name="java.vm.info" value="mixed mode"/>
    <property name="java.version" value="1.7.0_80"/>
    <property name="java.ext.dirs" value="C:\pleiades\java\7\jre\lib\ext;C:\WINDOWS\Sun\Java\lib\ext"/>
    <property name="sun.boot.class.path" value="C:\pleiades\java\7\jre\lib\resources.jar;C:\pleiades\java\7\jre\lib\rt.jar;C:\pleiades\java\7\jre\lib\sunrsasign.jar;C:\pleiades\java\7\jre\lib\jsse.jar;C:\pleiades\java\7\jre\lib\jce.jar;C:\pleiades\java\7\jre\lib\charsets.jar;C:\pleiades\java\7\jre\lib\jfr.jar;C:\pleiades\java\7\jre\classes"/>
    <property name="java.vendor" value="Oracle Corporation"/>
    <property name="maven.home" value="C:\Users\s-kento\git\winastor\commons-text-1.0\EMBEDDED"/>
    <property name="file.separator" value="\"/>
    <property name="java.vendor.url.bug" value="http://bugreport.sun.com/bugreport/"/>
    <property name="sun.cpu.endian" value="little"/>
    <property name="sun.io.unicode.encoding" value="UnicodeLittle"/>
    <property name="sun.desktop" value="windows"/>
    <property name="sun.cpu.isalist" value="amd64"/>
  </properties>
  <testcase name="testSubstitutePreserveEscape" classname="org.apache.commons.text.StrSubstitutorTest" time="0"/>
  <testcase name="testReplaceEscaping" classname="org.apache.commons.text.StrSubstitutorTest" time="0"/>
  <testcase name="testReplaceSoloEscaping" classname="org.apache.commons.text.StrSubstitutorTest" time="0"/>
  <testcase name="testSubstituteDefaultProperties" classname="org.apache.commons.text.StrSubstitutorTest" time="0"/>
  <testcase name="testReplaceNoPrefixSuffix" classname="org.apache.commons.text.StrSubstitutorTest" time="0"/>
  <testcase name="testCyclicReplacement" classname="org.apache.commons.text.StrSubstitutorTest" time="0"/>
  <testcase name="testReplaceToIdentical" classname="org.apache.commons.text.StrSubstitutorTest" time="0"/>
  <testcase name="testReplaceSimple" classname="org.apache.commons.text.StrSubstitutorTest" time="0"/>
  <testcase name="testStaticReplacePrefixSuffix" classname="org.apache.commons.text.StrSubstitutorTest" time="0"/>
  <testcase name="testReplaceRecursive" classname="org.apache.commons.text.StrSubstitutorTest" time="0"/>
  <testcase name="testConstructorMapPrefixSuffix" classname="org.apache.commons.text.StrSubstitutorTest" time="0"/>
  <testcase name="testSamePrefixAndSuffix" classname="org.apache.commons.text.StrSubstitutorTest" time="0"/>
  <testcase name="testStaticReplace" classname="org.apache.commons.text.StrSubstitutorTest" time="0"/>
  <testcase name="testReplaceUnknownKey" classname="org.apache.commons.text.StrSubstitutorTest" time="0"/>
  <testcase name="testReplaceNoPrefixNoSuffix" classname="org.apache.commons.text.StrSubstitutorTest" time="0"/>
  <testcase name="testStaticReplaceSystemProperties" classname="org.apache.commons.text.StrSubstitutorTest" time="0"/>
  <testcase name="testReplaceInVariableRecursive" classname="org.apache.commons.text.StrSubstitutorTest" time="0"/>
  <testcase name="testConstructorNoArgs" classname="org.apache.commons.text.StrSubstitutorTest" time="0.001"/>
  <testcase name="testReplaceAdjacentAtEnd" classname="org.apache.commons.text.StrSubstitutorTest" time="0"/>
  <testcase name="testReplaceNull" classname="org.apache.commons.text.StrSubstitutorTest" time="0"/>
  <testcase name="testReplaceSolo" classname="org.apache.commons.text.StrSubstitutorTest" time="0"/>
  <testcase name="testLANG1055" classname="org.apache.commons.text.StrSubstitutorTest" time="0.001"/>
  <testcase name="testReplaceChangedMap" classname="org.apache.commons.text.StrSubstitutorTest" time="0"/>
  <testcase name="testReplaceWeirdPattens" classname="org.apache.commons.text.StrSubstitutorTest" time="0.001"/>
  <testcase name="testReplaceEmptyKeys" classname="org.apache.commons.text.StrSubstitutorTest" time="0.001"/>
  <testcase name="testDefaultValueDelimiters" classname="org.apache.commons.text.StrSubstitutorTest" time="0"/>
  <testcase name="testReplaceNoVariables" classname="org.apache.commons.text.StrSubstitutorTest" time="0"/>
  <testcase name="testReplaceComplexEscaping" classname="org.apache.commons.text.StrSubstitutorTest" time="0.002"/>
  <testcase name="testReplaceInVariable" classname="org.apache.commons.text.StrSubstitutorTest" time="0"/>
  <testcase name="testReplacePrefixNoSuffix" classname="org.apache.commons.text.StrSubstitutorTest" time="0.001"/>
  <testcase name="testResolveVariable" classname="org.apache.commons.text.StrSubstitutorTest" time="0.001"/>
  <testcase name="testGetSetValueDelimiter" classname="org.apache.commons.text.StrSubstitutorTest" time="0"/>
  <testcase name="testReplaceInVariableDisabled" classname="org.apache.commons.text.StrSubstitutorTest" time="0"/>
  <testcase name="testReplaceIncompletePrefix" classname="org.apache.commons.text.StrSubstitutorTest" time="0.001"/>
  <testcase name="testGetSetEscape" classname="org.apache.commons.text.StrSubstitutorTest" time="0"/>
  <testcase name="testReplaceAdjacentAtStart" classname="org.apache.commons.text.StrSubstitutorTest" time="0"/>
  <testcase name="testReplaceEmpty" classname="org.apache.commons.text.StrSubstitutorTest" time="0"/>
  <testcase name="testGetSetPrefix" classname="org.apache.commons.text.StrSubstitutorTest" time="0"/>
  <testcase name="testConstructorMapFull" classname="org.apache.commons.text.StrSubstitutorTest" time="0.001"/>
  <testcase name="testGetSetSuffix" classname="org.apache.commons.text.StrSubstitutorTest" time="0"/>
  <testcase name="testReplacePartialString_noReplace" classname="org.apache.commons.text.StrSubstitutorTest" time="0"/>
</testsuite>